[main] INFO  supportLibraries.Log4jProperties  - Browser launched successfully
[main] INFO  supportLibraries.Log4jProperties  - Validated page title & page is successfully
[main] INFO  supportLibraries.Log4jProperties  - first post news data is successfully retrieved
[main] INFO  supportLibraries.Log4jProperties  - All links found on web page are: 21 links
[main] INFO  supportLibraries.Log4jProperties  - Browser launched successfully
[main] INFO  supportLibraries.Log4jProperties  - Validated page title & page is successfully
[main] INFO  supportLibraries.Log4jProperties  - first post news data is successfully retrieved
[main] INFO  supportLibraries.Log4jProperties  - All links found on web page are: 10 links
[main] INFO  supportLibraries.Log4jProperties  - Browser launched successfully
[main] INFO  supportLibraries.Log4jProperties  - Validated page title & page is successfully
[main] INFO  supportLibraries.Log4jProperties  - first post news data is successfully retrieved
[main] INFO  supportLibraries.Log4jProperties  - All links found on web page are: 10 links
[main] INFO  supportLibraries.Log4jProperties  - Browser launched successfully
[main] INFO  supportLibraries.Log4jProperties  - Validated page title & page is successfully
[main] INFO  supportLibraries.Log4jProperties  - first post news data is successfully retrieved
[main] INFO  supportLibraries.Log4jProperties  - All links found on web page are: 15 links
[main] INFO  supportLibraries.Log4jProperties  - Completed
[main] INFO  supportLibraries.Log4jProperties  - Browser launched successfully
[main] INFO  supportLibraries.Log4jProperties  - Completed
[main] INFO  supportLibraries.Log4jProperties  - Browser launched successfully
[main] INFO  supportLibraries.Log4jProperties  - Completed
[main] INFO  supportLibraries.Log4jProperties  - Browser launched successfully
[main] INFO  supportLibraries.Log4jProperties  - Completed
[main] INFO  supportLibraries.Log4jProperties  - Starting execution....
[main] INFO  supportLibraries.Log4jProperties  - Browser launched successfully
[main] INFO  supportLibraries.Log4jProperties  - Completed
[main] INFO  supportLibraries.Log4jProperties  - Browser launched successfully
[main] INFO  supportLibraries.Log4jProperties  - Completed
[main] INFO  supportLibraries.Log4jProperties  - Browser launched successfully
[main] INFO  supportLibraries.Log4jProperties  - Completed
[main] INFO  supportLibraries.Log4jProperties  - Browser launched successfully
[main] INFO  supportLibraries.Log4jProperties  - Completed
[main] INFO  supportLibraries.Log4jProperties  - Starting execution....
[main] INFO  supportLibraries.Log4jProperties  - Browser launched successfully
[main] INFO  supportLibraries.Log4jProperties  - Completed
[main] INFO  supportLibraries.Log4jProperties  - Starting execution....
[main] INFO  supportLibraries.Log4jProperties  - Browser launched successfully
[main] INFO  supportLibraries.Log4jProperties  - Validated page title & page is successfully
[main] INFO  supportLibraries.Log4jProperties  - first post news data is successfully retrieved
[main] INFO  supportLibraries.Log4jProperties  - All links found on web page are: 11 links
[main] INFO  supportLibraries.Log4jProperties  - Completed
[main] INFO  supportLibraries.Log4jProperties  - Browser closed successfully
[main] INFO  supportLibraries.Log4jProperties  - Browser closed successfully
[main] INFO  supportLibraries.Log4jProperties  - Starting execution....
[main] INFO  supportLibraries.Log4jProperties  - Browser launched successfully
[main] INFO  supportLibraries.Log4jProperties  - Validated page title & page is successfully
[main] INFO  supportLibraries.Log4jProperties  - first post news data is successfully retrieved
[main] INFO  supportLibraries.Log4jProperties  - Browser closed successfully
[main] INFO  supportLibraries.Log4jProperties  - Starting execution....
[main] INFO  supportLibraries.Log4jProperties  - Browser launched successfully
[main] INFO  supportLibraries.Log4jProperties  - Validated page title & page is successfully
[main] INFO  supportLibraries.Log4jProperties  - first post news data is successfully retrieved
[main] INFO  supportLibraries.Log4jProperties  - All links found on web page are: 42 links
[main] INFO  supportLibraries.Log4jProperties  - Completed
[main] INFO  supportLibraries.Log4jProperties  - Browser closed successfully
[main] INFO  supportLibraries.Log4jProperties  - Starting execution....
[main] INFO  supportLibraries.Log4jProperties  - Browser launched successfully
[main] INFO  supportLibraries.Log4jProperties  - Validated page title & page is successfully
[main] INFO  supportLibraries.Log4jProperties  - first post news data is successfully retrieved
[main] INFO  supportLibraries.Log4jProperties  - All links found on web page are: 10 links
[main] INFO  supportLibraries.Log4jProperties  - Completed
[main] INFO  supportLibraries.Log4jProperties  - Browser closed successfully
[main] INFO  supportLibraries.Log4jProperties  - Starting execution....
[main] INFO  supportLibraries.Log4jProperties  - Browser launched successfully
[main] INFO  supportLibraries.Log4jProperties  - Validated page title & page is successfully
[main] INFO  supportLibraries.Log4jProperties  - first post news data is successfully retrieved
[main] INFO  supportLibraries.Log4jProperties  - All links found on web page are: 43 links
[main] INFO  supportLibraries.Log4jProperties  - Completed
[main] INFO  supportLibraries.Log4jProperties  - Browser closed successfully
[main] INFO  supportLibraries.Log4jProperties  - Starting execution....
[main] INFO  supportLibraries.Log4jProperties  - Browser launched successfully
[main] INFO  supportLibraries.Log4jProperties  - Validated page title & page is successfully
[main] INFO  supportLibraries.Log4jProperties  - first post news data is successfully retrieved
[main] INFO  supportLibraries.Log4jProperties  - All links found on web page are: 13 links
[main] INFO  supportLibraries.Log4jProperties  - Completed
[main] INFO  supportLibraries.Log4jProperties  - Starting execution....
[main] INFO  supportLibraries.Log4jProperties  - Browser launched successfully
[main] INFO  supportLibraries.Log4jProperties  - Validated page title & page is successfully
[main] INFO  supportLibraries.Log4jProperties  - first post news data is successfully retrieved
[main] INFO  supportLibraries.Log4jProperties  - All links found on web page are: 13 links
[main] INFO  supportLibraries.Log4jProperties  - Browser closed successfully
[main] INFO  supportLibraries.Log4jProperties  - Starting execution....
[main] INFO  supportLibraries.Log4jProperties  - Browser launched successfully
[main] INFO  supportLibraries.Log4jProperties  - Validated page title & page is successfully
[main] INFO  supportLibraries.Log4jProperties  - first post news data is successfully retrieved
[main] INFO  supportLibraries.Log4jProperties  - All links found on web page are: 35 links
[main] INFO  supportLibraries.Log4jProperties  - Completed
[main] INFO  supportLibraries.Log4jProperties  - Browser closed successfully
[main] INFO  supportLibraries.Log4jProperties  - Starting execution....
[main] INFO  supportLibraries.Log4jProperties  - Browser launched successfully
[main] INFO  supportLibraries.Log4jProperties  - Validated page title & page is successfully
[main] INFO  supportLibraries.Log4jProperties  - first post news data is successfully retrieved
[main] INFO  supportLibraries.Log4jProperties  - All links found on web page are: 14 links
[main] INFO  supportLibraries.Log4jProperties  - Completed
[main] INFO  supportLibraries.Log4jProperties  - Browser closed successfully
[main] INFO  supportLibraries.Log4jProperties  - Starting execution....
[main] INFO  supportLibraries.Log4jProperties  - Browser launched successfully
[main] INFO  supportLibraries.Log4jProperties  - Validated page title & page is successfully
[main] INFO  supportLibraries.Log4jProperties  - first post news data is successfully retrieved
[main] INFO  supportLibraries.Log4jProperties  - All links found on web page are: 14 links
[main] INFO  supportLibraries.Log4jProperties  - Completed
[main] INFO  supportLibraries.Log4jProperties  - Starting execution....
[main] INFO  supportLibraries.Log4jProperties  - Browser launched successfully
[main] INFO  supportLibraries.Log4jProperties  - Validated page title & page is successfully
[main] INFO  supportLibraries.Log4jProperties  - first post news data is successfully retrieved
[main] INFO  supportLibraries.Log4jProperties  - All links found on web page are: 36 links
[main] INFO  supportLibraries.Log4jProperties  - Starting execution....
[main] INFO  supportLibraries.Log4jProperties  - Browser launched successfully
[main] INFO  supportLibraries.Log4jProperties  - Validated page title & page is successfully
[main] INFO  supportLibraries.Log4jProperties  - first post news data is successfully retrieved
[main] INFO  supportLibraries.Log4jProperties  - All links found on web page are: 25 links
[main] INFO  supportLibraries.Log4jProperties  - https://www.theguardian.com/sport/live/2022/jun/12/formula-one-azerbaijan-grand-prix-f1-baku-leclerc-verstappen-live-updates
[main] INFO  supportLibraries.Log4jProperties  - F1: Max Verstappen leads Azerbaijan GP with both Ferraris out – live updates!
LIVE2 hours ago
[main] INFO  supportLibraries.Log4jProperties  - https://www.crash.net/f1/live/995260/live-updates-f1-azerbaijan-grand-prix-sunday-race-day
[main] INFO  supportLibraries.Log4jProperties  - Crash.Net
LIVE UPDATES: Verstappen leads F1 Azerbaijan Grand Prix; both Ferraris are out
LIVE1 hour ago
[main] INFO  supportLibraries.Log4jProperties  - https://www.news18.com/news/sports/f1-2022-azerbaijan-grand-prix-live-score-updates-baku-final-race-charles-leclerc-max-sergio-perez-max-verstappen-livenews-5356033.html
[main] INFO  supportLibraries.Log4jProperties  - F1 2022 Azerbaijan Grand Prix Live Updates: Max Verstappen and Sergio Perez in Red Bull 1-2, Ferrari Out
LIVE8 mins ago
[main] INFO  supportLibraries.Log4jProperties  - https://www.google.com/search?q=F1:+Max+Verstappen+leads+Azerbaijan+GP+with+both+Ferraris+out+%E2%80%93+live+updates!&tbm=nws&source=univ&tbo=u&sa=X&ved=2ahUKEwjX1tWl96f4AhX6RmwGHXNhD9YQt8YBegQIAhAF
[main] INFO  supportLibraries.Log4jProperties  - More news
[main] INFO  supportLibraries.Log4jProperties  - https://www.insidesport.in/f1-azerbaijan-gp-live-charles-leclerc-aims-victory-in-baku-can-red-bull-play-spoilsport-to-ferrari-party-or-will-mercedes-make-a-comeback-follow-azerbaijan-gp-live-updates/
[main] INFO  supportLibraries.Log4jProperties  - F1 Azerbaijan GP LIVE: Max Verstappen leads ... - InsideSport
https://www.insidesport.in › f1-azerbaijan-gp-live-charl...
[main] INFO  supportLibraries.Log4jProperties  - https://www.express.co.uk/sport/f1-autosport/1624225/F1-Azerbaijan-Grand-Prix-LIVE-race-updates-Charles-Leclerc-Max-Verstappen-Lewis-Hamilton
[main] INFO  supportLibraries.Log4jProperties  - F1 Azerbaijan GP LIVE: Verstappen leads, Leclerc and Sainz ...
https://www.express.co.uk › Sport › F1
[main] INFO  supportLibraries.Log4jProperties  - https://upjobsnews.com/f1-max-verstappen-leads-azerbaijan-gp-with-both-ferraris-out-live-updates-formula-one-more-trending-news/
[main] INFO  supportLibraries.Log4jProperties  - F1: Max Verstappen leads Azerbaijan GP with both Ferraris ...
https://upjobsnews.com › Trending News
[main] INFO  supportLibraries.Log4jProperties  - https://www.independent.co.uk/f1/race-azerbaijan-grand-prix-live-stream-result-b2099111.html
[main] INFO  supportLibraries.Log4jProperties  - F1 race LIVE: Azerbaijan Grand Prix result and updates - The ...
https://www.independent.co.uk › f1 › race-azerbaijan-g...
[main] INFO  supportLibraries.Log4jProperties  - https://www.foxsports.com.au/motorsport/formula-one/f1-azerbaijan-grand-prix-race-live-updates-baku-start-time-in-australia-timing-results-grid-pole-daniel-ricciardo-news-video/news-story/538dcb55a323f475855f72591cb792c9
[main] INFO  supportLibraries.Log4jProperties  - Ricciardo's huge safety car win: F1 LIVE - Fox Sports
https://www.foxsports.com.au › motorsport › news-story
[main] INFO  supportLibraries.Log4jProperties  - https://www.foxsports.com.au/motorsport/formula-one/f1-azerbaijan-grand-prix-race-live-updates-baku-start-time-in-australia-timing-results-grid-pole-daniel-ricciardo-news-video/news-story/538dcb55a323f475855f72591cb792c9
[main] INFO  supportLibraries.Log4jProperties  - Azerbaijan GP
[main] INFO  supportLibraries.Log4jProperties  - https://mydroll.com/f1-max-verstappen-leads-azerbaijan-gp-with-both-ferraris-out-live-updates-formula-one/
[main] INFO  supportLibraries.Log4jProperties  - F1: Max Verstappen leads Azerbaijan GP with both Ferraris ...
https://mydroll.com › Viral › Humor
[main] INFO  supportLibraries.Log4jProperties  - https://123hindinews.com/f1-max-verstappen-leads-azerbaijan-gp-with-both-ferraris-out-live-updates-formula-one-more-breaking-news/
[main] INFO  supportLibraries.Log4jProperties  - F1: Max Verstappen leads Azerbaijan GP ... - 123 hindinews
https://123hindinews.com › United Kingdom
[main] INFO  supportLibraries.Log4jProperties  - https://www.google.com/search?source=univ&tbm=isch&q=F1:+Max+Verstappen+leads+Azerbaijan+GP+with+both+Ferraris+out+%E2%80%93+live+updates!&fir=Yf-yQiuhPYrElM%252Cy5xRzJRbdOV77M%252C_%253BgnbnErKuZmywpM%252CM7X_CEO0nKcSrM%252C_%253BJdkaUeueTG2ZeM%252CCdhJ96dcQVWnJM%252C_%253ByAfc4Rk-j8GDGM%252CoA-bkA__ENMlsM%252C_%253B7cDU9xQDXOpw3M%252CSTbau1qsg85L7M%252C_%253BRMdOCrP6o5sbrM%252C5H6MGg-x6xGNxM%252C_%253BJXiscl-tjp1ZOM%252CR9urj-PW4qvsKM%252C_%253B4LUbPxtciE1pmM%252CiAH0zkQuIiMbwM%252C_%253B3HgmxTyrd6mwvM%252C6-ntxNXgphJ03M%252C_%253Btc3cxQmSUOwxdM%252C9T-vgj0EWhY8rM%252C_&usg=AI4_-kQy9BVoVTB-Ilzv0yA3qJvn5-Od4Q&sa=X&ved=2ahUKEwjX1tWl96f4AhX6RmwGHXNhD9YQjJkEegQIGxAC
[main] INFO  supportLibraries.Log4jProperties  - Images for F1: Max Verstappen leads Azerbaijan GP with both Ferraris out – live updates!
[main] INFO  supportLibraries.Log4jProperties  - https://www.google.com/search?q=F1:+Max+Verstappen+leads+Azerbaijan+GP+with+both+Ferraris+out+%E2%80%93+live+updates!&tbm=isch&source=iu&ictx=1&vet=1&fir=Yf-yQiuhPYrElM%252Cy5xRzJRbdOV77M%252C_%253BgnbnErKuZmywpM%252CM7X_CEO0nKcSrM%252C_%253BJdkaUeueTG2ZeM%252CCdhJ96dcQVWnJM%252C_%253ByAfc4Rk-j8GDGM%252CoA-bkA__ENMlsM%252C_%253B7cDU9xQDXOpw3M%252CSTbau1qsg85L7M%252C_%253BRMdOCrP6o5sbrM%252C5H6MGg-x6xGNxM%252C_%253BJXiscl-tjp1ZOM%252CR9urj-PW4qvsKM%252C_%253B4LUbPxtciE1pmM%252CiAH0zkQuIiMbwM%252C_%253B3HgmxTyrd6mwvM%252C6-ntxNXgphJ03M%252C_%253Btc3cxQmSUOwxdM%252C9T-vgj0EWhY8rM%252C_&usg=AI4_-kQy9BVoVTB-Ilzv0yA3qJvn5-Od4Q&sa=X&ved=2ahUKEwjX1tWl96f4AhX6RmwGHXNhD9YQ9QF6BAgNEAE#imgrc=Yf-yQiuhPYrElM
[main] INFO  supportLibraries.Log4jProperties  - 
[main] INFO  supportLibraries.Log4jProperties  - https://www.google.com/search?q=F1:+Max+Verstappen+leads+Azerbaijan+GP+with+both+Ferraris+out+%E2%80%93+live+updates!&tbm=isch&source=iu&ictx=1&vet=1&fir=Yf-yQiuhPYrElM%252Cy5xRzJRbdOV77M%252C_%253BgnbnErKuZmywpM%252CM7X_CEO0nKcSrM%252C_%253BJdkaUeueTG2ZeM%252CCdhJ96dcQVWnJM%252C_%253ByAfc4Rk-j8GDGM%252CoA-bkA__ENMlsM%252C_%253B7cDU9xQDXOpw3M%252CSTbau1qsg85L7M%252C_%253BRMdOCrP6o5sbrM%252C5H6MGg-x6xGNxM%252C_%253BJXiscl-tjp1ZOM%252CR9urj-PW4qvsKM%252C_%253B4LUbPxtciE1pmM%252CiAH0zkQuIiMbwM%252C_%253B3HgmxTyrd6mwvM%252C6-ntxNXgphJ03M%252C_%253Btc3cxQmSUOwxdM%252C9T-vgj0EWhY8rM%252C_&usg=AI4_-kQy9BVoVTB-Ilzv0yA3qJvn5-Od4Q&sa=X&ved=2ahUKEwjX1tWl96f4AhX6RmwGHXNhD9YQ9QF6BAgdEAE#imgrc=gnbnErKuZmywpM
[main] INFO  supportLibraries.Log4jProperties  - 
[main] INFO  supportLibraries.Log4jProperties  - https://www.google.com/search?q=F1:+Max+Verstappen+leads+Azerbaijan+GP+with+both+Ferraris+out+%E2%80%93+live+updates!&tbm=isch&source=iu&ictx=1&vet=1&fir=Yf-yQiuhPYrElM%252Cy5xRzJRbdOV77M%252C_%253BgnbnErKuZmywpM%252CM7X_CEO0nKcSrM%252C_%253BJdkaUeueTG2ZeM%252CCdhJ96dcQVWnJM%252C_%253ByAfc4Rk-j8GDGM%252CoA-bkA__ENMlsM%252C_%253B7cDU9xQDXOpw3M%252CSTbau1qsg85L7M%252C_%253BRMdOCrP6o5sbrM%252C5H6MGg-x6xGNxM%252C_%253BJXiscl-tjp1ZOM%252CR9urj-PW4qvsKM%252C_%253B4LUbPxtciE1pmM%252CiAH0zkQuIiMbwM%252C_%253B3HgmxTyrd6mwvM%252C6-ntxNXgphJ03M%252C_%253Btc3cxQmSUOwxdM%252C9T-vgj0EWhY8rM%252C_&usg=AI4_-kQy9BVoVTB-Ilzv0yA3qJvn5-Od4Q&sa=X&ved=2ahUKEwjX1tWl96f4AhX6RmwGHXNhD9YQ9QF6BAgcEAE#imgrc=JdkaUeueTG2ZeM
[main] INFO  supportLibraries.Log4jProperties  - 
[main] INFO  supportLibraries.Log4jProperties  - https://www.google.com/search?q=F1:+Max+Verstappen+leads+Azerbaijan+GP+with+both+Ferraris+out+%E2%80%93+live+updates!&tbm=isch&source=iu&ictx=1&vet=1&fir=Yf-yQiuhPYrElM%252Cy5xRzJRbdOV77M%252C_%253BgnbnErKuZmywpM%252CM7X_CEO0nKcSrM%252C_%253BJdkaUeueTG2ZeM%252CCdhJ96dcQVWnJM%252C_%253ByAfc4Rk-j8GDGM%252CoA-bkA__ENMlsM%252C_%253B7cDU9xQDXOpw3M%252CSTbau1qsg85L7M%252C_%253BRMdOCrP6o5sbrM%252C5H6MGg-x6xGNxM%252C_%253BJXiscl-tjp1ZOM%252CR9urj-PW4qvsKM%252C_%253B4LUbPxtciE1pmM%252CiAH0zkQuIiMbwM%252C_%253B3HgmxTyrd6mwvM%252C6-ntxNXgphJ03M%252C_%253Btc3cxQmSUOwxdM%252C9T-vgj0EWhY8rM%252C_&usg=AI4_-kQy9BVoVTB-Ilzv0yA3qJvn5-Od4Q&sa=X&ved=2ahUKEwjX1tWl96f4AhX6RmwGHXNhD9YQ9QF6BAggEAE#imgrc=yAfc4Rk-j8GDGM
[main] INFO  supportLibraries.Log4jProperties  - 
[main] INFO  supportLibraries.Log4jProperties  - https://www.google.com/search?q=F1:+Max+Verstappen+leads+Azerbaijan+GP+with+both+Ferraris+out+%E2%80%93+live+updates!&tbm=isch&source=iu&ictx=1&vet=1&fir=Yf-yQiuhPYrElM%252Cy5xRzJRbdOV77M%252C_%253BgnbnErKuZmywpM%252CM7X_CEO0nKcSrM%252C_%253BJdkaUeueTG2ZeM%252CCdhJ96dcQVWnJM%252C_%253ByAfc4Rk-j8GDGM%252CoA-bkA__ENMlsM%252C_%253B7cDU9xQDXOpw3M%252CSTbau1qsg85L7M%252C_%253BRMdOCrP6o5sbrM%252C5H6MGg-x6xGNxM%252C_%253BJXiscl-tjp1ZOM%252CR9urj-PW4qvsKM%252C_%253B4LUbPxtciE1pmM%252CiAH0zkQuIiMbwM%252C_%253B3HgmxTyrd6mwvM%252C6-ntxNXgphJ03M%252C_%253Btc3cxQmSUOwxdM%252C9T-vgj0EWhY8rM%252C_&usg=AI4_-kQy9BVoVTB-Ilzv0yA3qJvn5-Od4Q&sa=X&ved=2ahUKEwjX1tWl96f4AhX6RmwGHXNhD9YQ9QF6BAgfEAE#imgrc=7cDU9xQDXOpw3M
[main] INFO  supportLibraries.Log4jProperties  - 
[main] INFO  supportLibraries.Log4jProperties  - https://www.google.com/search?q=F1:+Max+Verstappen+leads+Azerbaijan+GP+with+both+Ferraris+out+%E2%80%93+live+updates!&tbm=isch&source=iu&ictx=1&vet=1&fir=Yf-yQiuhPYrElM%252Cy5xRzJRbdOV77M%252C_%253BgnbnErKuZmywpM%252CM7X_CEO0nKcSrM%252C_%253BJdkaUeueTG2ZeM%252CCdhJ96dcQVWnJM%252C_%253ByAfc4Rk-j8GDGM%252CoA-bkA__ENMlsM%252C_%253B7cDU9xQDXOpw3M%252CSTbau1qsg85L7M%252C_%253BRMdOCrP6o5sbrM%252C5H6MGg-x6xGNxM%252C_%253BJXiscl-tjp1ZOM%252CR9urj-PW4qvsKM%252C_%253B4LUbPxtciE1pmM%252CiAH0zkQuIiMbwM%252C_%253B3HgmxTyrd6mwvM%252C6-ntxNXgphJ03M%252C_%253Btc3cxQmSUOwxdM%252C9T-vgj0EWhY8rM%252C_&usg=AI4_-kQy9BVoVTB-Ilzv0yA3qJvn5-Od4Q&sa=X&ved=2ahUKEwjX1tWl96f4AhX6RmwGHXNhD9YQ9QF6BAgjEAE#imgrc=RMdOCrP6o5sbrM
[main] INFO  supportLibraries.Log4jProperties  - 6 days ago
[main] INFO  supportLibraries.Log4jProperties  - https://www.google.com/search?q=F1:+Max+Verstappen+leads+Azerbaijan+GP+with+both+Ferraris+out+%E2%80%93+live+updates!&tbm=isch&source=iu&ictx=1&vet=1&fir=Yf-yQiuhPYrElM%252Cy5xRzJRbdOV77M%252C_%253BgnbnErKuZmywpM%252CM7X_CEO0nKcSrM%252C_%253BJdkaUeueTG2ZeM%252CCdhJ96dcQVWnJM%252C_%253ByAfc4Rk-j8GDGM%252CoA-bkA__ENMlsM%252C_%253B7cDU9xQDXOpw3M%252CSTbau1qsg85L7M%252C_%253BRMdOCrP6o5sbrM%252C5H6MGg-x6xGNxM%252C_%253BJXiscl-tjp1ZOM%252CR9urj-PW4qvsKM%252C_%253B4LUbPxtciE1pmM%252CiAH0zkQuIiMbwM%252C_%253B3HgmxTyrd6mwvM%252C6-ntxNXgphJ03M%252C_%253Btc3cxQmSUOwxdM%252C9T-vgj0EWhY8rM%252C_&usg=AI4_-kQy9BVoVTB-Ilzv0yA3qJvn5-Od4Q&sa=X&ved=2ahUKEwjX1tWl96f4AhX6RmwGHXNhD9YQ9QF6BAgiEAE#imgrc=JXiscl-tjp1ZOM
[main] INFO  supportLibraries.Log4jProperties  - 
[main] INFO  supportLibraries.Log4jProperties  - https://www.google.com/search?q=F1:+Max+Verstappen+leads+Azerbaijan+GP+with+both+Ferraris+out+%E2%80%93+live+updates!&tbm=isch&source=iu&ictx=1&vet=1&fir=Yf-yQiuhPYrElM%252Cy5xRzJRbdOV77M%252C_%253BgnbnErKuZmywpM%252CM7X_CEO0nKcSrM%252C_%253BJdkaUeueTG2ZeM%252CCdhJ96dcQVWnJM%252C_%253ByAfc4Rk-j8GDGM%252CoA-bkA__ENMlsM%252C_%253B7cDU9xQDXOpw3M%252CSTbau1qsg85L7M%252C_%253BRMdOCrP6o5sbrM%252C5H6MGg-x6xGNxM%252C_%253BJXiscl-tjp1ZOM%252CR9urj-PW4qvsKM%252C_%253B4LUbPxtciE1pmM%252CiAH0zkQuIiMbwM%252C_%253B3HgmxTyrd6mwvM%252C6-ntxNXgphJ03M%252C_%253Btc3cxQmSUOwxdM%252C9T-vgj0EWhY8rM%252C_&usg=AI4_-kQy9BVoVTB-Ilzv0yA3qJvn5-Od4Q&sa=X&ved=2ahUKEwjX1tWl96f4AhX6RmwGHXNhD9YQ9QF6BAgeEAE#imgrc=4LUbPxtciE1pmM
[main] INFO  supportLibraries.Log4jProperties  - 
[main] INFO  supportLibraries.Log4jProperties  - https://www.google.com/search?q=F1:+Max+Verstappen+leads+Azerbaijan+GP+with+both+Ferraris+out+%E2%80%93+live+updates!&tbm=isch&source=iu&ictx=1&vet=1&fir=Yf-yQiuhPYrElM%252Cy5xRzJRbdOV77M%252C_%253BgnbnErKuZmywpM%252CM7X_CEO0nKcSrM%252C_%253BJdkaUeueTG2ZeM%252CCdhJ96dcQVWnJM%252C_%253ByAfc4Rk-j8GDGM%252CoA-bkA__ENMlsM%252C_%253B7cDU9xQDXOpw3M%252CSTbau1qsg85L7M%252C_%253BRMdOCrP6o5sbrM%252C5H6MGg-x6xGNxM%252C_%253BJXiscl-tjp1ZOM%252CR9urj-PW4qvsKM%252C_%253B4LUbPxtciE1pmM%252CiAH0zkQuIiMbwM%252C_%253B3HgmxTyrd6mwvM%252C6-ntxNXgphJ03M%252C_%253Btc3cxQmSUOwxdM%252C9T-vgj0EWhY8rM%252C_&usg=AI4_-kQy9BVoVTB-Ilzv0yA3qJvn5-Od4Q&sa=X&ved=2ahUKEwjX1tWl96f4AhX6RmwGHXNhD9YQ9QF6BAgkEAE#imgrc=3HgmxTyrd6mwvM
[main] INFO  supportLibraries.Log4jProperties  - 
[main] INFO  supportLibraries.Log4jProperties  - https://www.google.com/search?q=F1:+Max+Verstappen+leads+Azerbaijan+GP+with+both+Ferraris+out+%E2%80%93+live+updates!&tbm=isch&source=iu&ictx=1&vet=1&fir=Yf-yQiuhPYrElM%252Cy5xRzJRbdOV77M%252C_%253BgnbnErKuZmywpM%252CM7X_CEO0nKcSrM%252C_%253BJdkaUeueTG2ZeM%252CCdhJ96dcQVWnJM%252C_%253ByAfc4Rk-j8GDGM%252CoA-bkA__ENMlsM%252C_%253B7cDU9xQDXOpw3M%252CSTbau1qsg85L7M%252C_%253BRMdOCrP6o5sbrM%252C5H6MGg-x6xGNxM%252C_%253BJXiscl-tjp1ZOM%252CR9urj-PW4qvsKM%252C_%253B4LUbPxtciE1pmM%252CiAH0zkQuIiMbwM%252C_%253B3HgmxTyrd6mwvM%252C6-ntxNXgphJ03M%252C_%253Btc3cxQmSUOwxdM%252C9T-vgj0EWhY8rM%252C_&usg=AI4_-kQy9BVoVTB-Ilzv0yA3qJvn5-Od4Q&sa=X&ved=2ahUKEwjX1tWl96f4AhX6RmwGHXNhD9YQ9QF6BAghEAE#imgrc=tc3cxQmSUOwxdM
[main] INFO  supportLibraries.Log4jProperties  - 
[main] INFO  supportLibraries.Log4jProperties  - https://www.google.com/search?source=univ&tbm=isch&q=F1:+Max+Verstappen+leads+Azerbaijan+GP+with+both+Ferraris+out+%E2%80%93+live+updates!&fir=Yf-yQiuhPYrElM%252Cy5xRzJRbdOV77M%252C_%253BgnbnErKuZmywpM%252CM7X_CEO0nKcSrM%252C_%253BJdkaUeueTG2ZeM%252CCdhJ96dcQVWnJM%252C_%253ByAfc4Rk-j8GDGM%252CoA-bkA__ENMlsM%252C_%253B7cDU9xQDXOpw3M%252CSTbau1qsg85L7M%252C_%253BRMdOCrP6o5sbrM%252C5H6MGg-x6xGNxM%252C_%253BJXiscl-tjp1ZOM%252CR9urj-PW4qvsKM%252C_%253B4LUbPxtciE1pmM%252CiAH0zkQuIiMbwM%252C_%253B3HgmxTyrd6mwvM%252C6-ntxNXgphJ03M%252C_%253Btc3cxQmSUOwxdM%252C9T-vgj0EWhY8rM%252C_&usg=AI4_-kQy9BVoVTB-Ilzv0yA3qJvn5-Od4Q&sa=X&ved=2ahUKEwjX1tWl96f4AhX6RmwGHXNhD9YQ420oAHoECBsQCA
[main] INFO  supportLibraries.Log4jProperties  - View all
[main] INFO  supportLibraries.Log4jProperties  - https://www.google.com/search?source=univ&tbm=isch&q=F1:+Max+Verstappen+leads+Azerbaijan+GP+with+both+Ferraris+out+%E2%80%93+live+updates!&fir=Yf-yQiuhPYrElM%252Cy5xRzJRbdOV77M%252C_%253BgnbnErKuZmywpM%252CM7X_CEO0nKcSrM%252C_%253BJdkaUeueTG2ZeM%252CCdhJ96dcQVWnJM%252C_%253ByAfc4Rk-j8GDGM%252CoA-bkA__ENMlsM%252C_%253B7cDU9xQDXOpw3M%252CSTbau1qsg85L7M%252C_%253BRMdOCrP6o5sbrM%252C5H6MGg-x6xGNxM%252C_%253BJXiscl-tjp1ZOM%252CR9urj-PW4qvsKM%252C_%253B4LUbPxtciE1pmM%252CiAH0zkQuIiMbwM%252C_%253B3HgmxTyrd6mwvM%252C6-ntxNXgphJ03M%252C_%253Btc3cxQmSUOwxdM%252C9T-vgj0EWhY8rM%252C_&usg=AI4_-kQy9BVoVTB-Ilzv0yA3qJvn5-Od4Q&sa=X&ved=2ahUKEwjX1tWl96f4AhX6RmwGHXNhD9YQ7Al6BAgbEBE
[main] INFO  supportLibraries.Log4jProperties  - View all
[main] INFO  supportLibraries.Log4jProperties  - Browser closed successfully
